{"$message_type":"diagnostic","level":"warning","loc":{"path":"/Users/liguosheng/projects/wasip3-cli-demo/cli/ffi/top.mbt","start":{"line":69,"col":30},"end":{"line":69,"col":33}},"message":"Warning: FFI parameter of pointer type should be annotated with either `#borrow` or `#owned`, the default calling convention is currently `#owned` and it will be changed in the future.","error_code":55}
{"$message_type":"diagnostic","level":"warning","loc":{"path":"/Users/liguosheng/projects/wasip3-cli-demo/cli/ffi/top.mbt","start":{"line":78,"col":32},"end":{"line":78,"col":37}},"message":"Warning: FFI parameter of pointer type should be annotated with either `#borrow` or `#owned`, the default calling convention is currently `#owned` and it will be changed in the future.","error_code":55}
{"$message_type":"diagnostic","level":"warning","loc":{"path":"/Users/liguosheng/projects/wasip3-cli-demo/cli/ffi/top.mbt","start":{"line":87,"col":37},"end":{"line":87,"col":42}},"message":"Warning: FFI parameter of pointer type should be annotated with either `#borrow` or `#owned`, the default calling convention is currently `#owned` and it will be changed in the future.","error_code":55}
{"$message_type":"diagnostic","level":"warning","loc":{"path":"/Users/liguosheng/projects/wasip3-cli-demo/cli/ffi/top.mbt","start":{"line":90,"col":39},"end":{"line":90,"col":44}},"message":"Warning: FFI parameter of pointer type should be annotated with either `#borrow` or `#owned`, the default calling convention is currently `#owned` and it will be changed in the future.","error_code":55}
{"$message_type":"diagnostic","level":"warning","loc":{"path":"/Users/liguosheng/projects/wasip3-cli-demo/cli/ffi/top.mbt","start":{"line":93,"col":36},"end":{"line":93,"col":41}},"message":"Warning: FFI parameter of pointer type should be annotated with either `#borrow` or `#owned`, the default calling convention is currently `#owned` and it will be changed in the future.","error_code":55}
{"$message_type":"diagnostic","level":"warning","loc":{"path":"/Users/liguosheng/projects/wasip3-cli-demo/cli/ffi/top.mbt","start":{"line":96,"col":38},"end":{"line":96,"col":43}},"message":"Warning: FFI parameter of pointer type should be annotated with either `#borrow` or `#owned`, the default calling convention is currently `#owned` and it will be changed in the future.","error_code":55}
{"$message_type":"diagnostic","level":"warning","loc":{"path":"/Users/liguosheng/projects/wasip3-cli-demo/cli/ffi/top.mbt","start":{"line":99,"col":38},"end":{"line":99,"col":43}},"message":"Warning: FFI parameter of pointer type should be annotated with either `#borrow` or `#owned`, the default calling convention is currently `#owned` and it will be changed in the future.","error_code":55}
{"$message_type":"diagnostic","level":"warning","loc":{"path":"/Users/liguosheng/projects/wasip3-cli-demo/cli/ffi/top.mbt","start":{"line":102,"col":39},"end":{"line":102,"col":44}},"message":"Warning: FFI parameter of pointer type should be annotated with either `#borrow` or `#owned`, the default calling convention is currently `#owned` and it will be changed in the future.","error_code":55}
{"$message_type":"diagnostic","level":"warning","loc":{"path":"/Users/liguosheng/projects/wasip3-cli-demo/cli/ffi/top.mbt","start":{"line":1446,"col":26},"end":{"line":1446,"col":30}},"message":"Warning: Unused variable 'self'","error_code":2}
{"$message_type":"diagnostic","level":"warning","loc":{"path":"/Users/liguosheng/projects/wasip3-cli-demo/cli/ffi/top.mbt","start":{"line":1485,"col":43},"end":{"line":1485,"col":47}},"message":"Warning: Unused variable 'code'","error_code":2}
{"$message_type":"diagnostic","level":"warning","loc":{"path":"/Users/liguosheng/projects/wasip3-cli-demo/cli/ffi/top.mbt","start":{"line":1534,"col":5},"end":{"line":1534,"col":8}},"message":"Warning: Unused variable 'std'","error_code":2}
{"$message_type":"diagnostic","level":"warning","loc":{"path":"/Users/liguosheng/projects/wasip3-cli-demo/cli/ffi/top.mbt","start":{"line":1536,"col":14},"end":{"line":1536,"col":17}},"message":"Warning: Unused variable 'msg'","error_code":2}
{"$message_type":"diagnostic","level":"warning","loc":{"path":"/Users/liguosheng/projects/wasip3-cli-demo/cli/interface/wasi/cli/stdin/top.mbt","start":{"line":10,"col":4},"end":{"line":10,"col":22}},"message":"Warning: Unused function 'wasmBytestreamLift'","error_code":1}
{"$message_type":"diagnostic","level":"warning","loc":{"path":"/Users/liguosheng/projects/wasip3-cli-demo/cli/interface/wasi/cli/stdin/top.mbt","start":{"line":14,"col":4},"end":{"line":14,"col":23}},"message":"Warning: Unused function 'wasmBytestreamLower'","error_code":1}
{"$message_type":"diagnostic","level":"warning","loc":{"path":"/Users/liguosheng/projects/wasip3-cli-demo/cli/interface/wasi/cli/stdin/top.mbt","start":{"line":18,"col":29},"end":{"line":18,"col":32}},"message":"Warning: Unused variable 'ptr'","error_code":2}
{"$message_type":"diagnostic","level":"warning","loc":{"path":"/Users/liguosheng/projects/wasip3-cli-demo/cli/interface/wasi/cli/stdin/top.mbt","start":{"line":89,"col":49},"end":{"line":89,"col":52}},"message":"Warning: Unused variable 'ptr'","error_code":2}
{"$message_type":"diagnostic","level":"warning","loc":{"path":"/Users/liguosheng/projects/wasip3-cli-demo/cli/interface/wasi/cli/stdin/top.mbt","start":{"line":96,"col":4},"end":{"line":96,"col":46}},"message":"Warning: Unused function 'wasmResultUnitTypesErrorCodefutureListLift'","error_code":1}
{"$message_type":"diagnostic","level":"warning","loc":{"path":"/Users/liguosheng/projects/wasip3-cli-demo/cli/interface/wasi/cli/stdin/top.mbt","start":{"line":107,"col":4},"end":{"line":107,"col":47}},"message":"Warning: Unused function 'wasmResultUnitTypesErrorCodefutureListLower'","error_code":1}
{"$message_type":"diagnostic","level":"warning","loc":{"path":"/Users/liguosheng/projects/wasip3-cli-demo/cli/interface/wasi/sockets/types/top.mbt","start":{"line":339,"col":34},"end":{"line":339,"col":37}},"message":"Warning: Unused variable 'ptr'","error_code":2}
{"$message_type":"diagnostic","level":"warning","loc":{"path":"/Users/liguosheng/projects/wasip3-cli-demo/cli/interface/wasi/sockets/types/top.mbt","start":{"line":480,"col":4},"end":{"line":480,"col":22}},"message":"Warning: Unused function 'wasmBytestreamLift'","error_code":1}
{"$message_type":"diagnostic","level":"warning","loc":{"path":"/Users/liguosheng/projects/wasip3-cli-demo/cli/interface/wasi/sockets/types/top.mbt","start":{"line":484,"col":4},"end":{"line":484,"col":23}},"message":"Warning: Unused function 'wasmBytestreamLower'","error_code":1}
{"$message_type":"diagnostic","level":"warning","loc":{"path":"/Users/liguosheng/projects/wasip3-cli-demo/cli/interface/wasi/sockets/types/top.mbt","start":{"line":488,"col":29},"end":{"line":488,"col":32}},"message":"Warning: Unused variable 'ptr'","error_code":2}
{"$message_type":"diagnostic","level":"warning","loc":{"path":"/Users/liguosheng/projects/wasip3-cli-demo/cli/interface/wasi/sockets/types/top.mbt","start":{"line":541,"col":21},"end":{"line":541,"col":27}},"message":"Warning: Unused variable 'handle'","error_code":2}
{"$message_type":"diagnostic","level":"warning","loc":{"path":"/Users/liguosheng/projects/wasip3-cli-demo/cli/interface/wasi/sockets/types/top.mbt","start":{"line":619,"col":44},"end":{"line":619,"col":47}},"message":"Warning: Unused variable 'ptr'","error_code":2}
{"$message_type":"diagnostic","level":"warning","loc":{"path":"/Users/liguosheng/projects/wasip3-cli-demo/cli/interface/wasi/sockets/types/top.mbt","start":{"line":626,"col":4},"end":{"line":626,"col":41}},"message":"Warning: Unused function 'wasmResultUnitErrorCodefutureListLift'","error_code":1}
{"$message_type":"diagnostic","level":"warning","loc":{"path":"/Users/liguosheng/projects/wasip3-cli-demo/cli/interface/wasi/sockets/types/top.mbt","start":{"line":637,"col":4},"end":{"line":637,"col":42}},"message":"Warning: Unused function 'wasmResultUnitErrorCodefutureListLower'","error_code":1}
{"$message_type":"diagnostic","level":"warning","loc":{"path":"/Users/liguosheng/projects/wasip3-cli-demo/cli/interface/wasi/filesystem/types/top.mbt","start":{"line":276,"col":4},"end":{"line":276,"col":22}},"message":"Warning: Unused function 'wasmBytestreamLift'","error_code":1}
{"$message_type":"diagnostic","level":"warning","loc":{"path":"/Users/liguosheng/projects/wasip3-cli-demo/cli/interface/wasi/filesystem/types/top.mbt","start":{"line":280,"col":4},"end":{"line":280,"col":23}},"message":"Warning: Unused function 'wasmBytestreamLower'","error_code":1}
{"$message_type":"diagnostic","level":"warning","loc":{"path":"/Users/liguosheng/projects/wasip3-cli-demo/cli/interface/wasi/filesystem/types/top.mbt","start":{"line":284,"col":29},"end":{"line":284,"col":32}},"message":"Warning: Unused variable 'ptr'","error_code":2}
{"$message_type":"diagnostic","level":"warning","loc":{"path":"/Users/liguosheng/projects/wasip3-cli-demo/cli/interface/wasi/filesystem/types/top.mbt","start":{"line":355,"col":44},"end":{"line":355,"col":47}},"message":"Warning: Unused variable 'ptr'","error_code":2}
{"$message_type":"diagnostic","level":"warning","loc":{"path":"/Users/liguosheng/projects/wasip3-cli-demo/cli/interface/wasi/filesystem/types/top.mbt","start":{"line":362,"col":4},"end":{"line":362,"col":41}},"message":"Warning: Unused function 'wasmResultUnitErrorCodefutureListLift'","error_code":1}
{"$message_type":"diagnostic","level":"warning","loc":{"path":"/Users/liguosheng/projects/wasip3-cli-demo/cli/interface/wasi/filesystem/types/top.mbt","start":{"line":373,"col":4},"end":{"line":373,"col":42}},"message":"Warning: Unused function 'wasmResultUnitErrorCodefutureListLower'","error_code":1}
{"$message_type":"diagnostic","level":"warning","loc":{"path":"/Users/liguosheng/projects/wasip3-cli-demo/cli/interface/wasi/filesystem/types/top.mbt","start":{"line":443,"col":22},"end":{"line":443,"col":28}},"message":"Warning: Unused variable 'handle'","error_code":2}
{"$message_type":"diagnostic","level":"warning","loc":{"path":"/Users/liguosheng/projects/wasip3-cli-demo/cli/interface/wasi/filesystem/types/top.mbt","start":{"line":445,"col":22},"end":{"line":445,"col":28}},"message":"Warning: Unused variable 'handle'","error_code":2}
{"$message_type":"diagnostic","level":"warning","loc":{"path":"/Users/liguosheng/projects/wasip3-cli-demo/cli/interface/wasi/filesystem/types/top.mbt","start":{"line":492,"col":22},"end":{"line":492,"col":28}},"message":"Warning: Unused variable 'handle'","error_code":2}
{"$message_type":"diagnostic","level":"warning","loc":{"path":"/Users/liguosheng/projects/wasip3-cli-demo/cli/interface/wasi/filesystem/types/top.mbt","start":{"line":534,"col":22},"end":{"line":534,"col":28}},"message":"Warning: Unused variable 'handle'","error_code":2}
{"$message_type":"diagnostic","level":"warning","loc":{"path":"/Users/liguosheng/projects/wasip3-cli-demo/cli/interface/wasi/filesystem/types/top.mbt","start":{"line":536,"col":22},"end":{"line":536,"col":28}},"message":"Warning: Unused variable 'handle'","error_code":2}
{"$message_type":"diagnostic","level":"warning","loc":{"path":"/Users/liguosheng/projects/wasip3-cli-demo/cli/interface/wasi/filesystem/types/top.mbt","start":{"line":538,"col":22},"end":{"line":538,"col":28}},"message":"Warning: Unused variable 'handle'","error_code":2}
{"$message_type":"diagnostic","level":"warning","loc":{"path":"/Users/liguosheng/projects/wasip3-cli-demo/cli/interface/wasi/filesystem/types/top.mbt","start":{"line":714,"col":22},"end":{"line":714,"col":28}},"message":"Warning: Unused variable 'handle'","error_code":2}
{"$message_type":"diagnostic","level":"warning","loc":{"path":"/Users/liguosheng/projects/wasip3-cli-demo/cli/interface/wasi/filesystem/types/top.mbt","start":{"line":992,"col":22},"end":{"line":992,"col":28}},"message":"Warning: Unused variable 'handle'","error_code":2}
{"$message_type":"diagnostic","level":"warning","loc":{"path":"/Users/liguosheng/projects/wasip3-cli-demo/cli/interface/wasi/filesystem/types/top.mbt","start":{"line":1111,"col":22},"end":{"line":1111,"col":28}},"message":"Warning: Unused variable 'handle'","error_code":2}
{"$message_type":"diagnostic","level":"warning","loc":{"path":"/Users/liguosheng/projects/wasip3-cli-demo/cli/interface/wasi/filesystem/types/top.mbt","start":{"line":1113,"col":22},"end":{"line":1113,"col":28}},"message":"Warning: Unused variable 'handle'","error_code":2}
{"$message_type":"diagnostic","level":"warning","loc":{"path":"/Users/liguosheng/projects/wasip3-cli-demo/cli/interface/wasi/filesystem/types/top.mbt","start":{"line":1115,"col":21},"end":{"line":1115,"col":25}},"message":"Warning: Unused variable 'flag'","error_code":2}
{"$message_type":"diagnostic","level":"warning","loc":{"path":"/Users/liguosheng/projects/wasip3-cli-demo/cli/interface/wasi/filesystem/types/top.mbt","start":{"line":1405,"col":22},"end":{"line":1405,"col":28}},"message":"Warning: Unused variable 'handle'","error_code":2}
{"$message_type":"diagnostic","level":"warning","loc":{"path":"/Users/liguosheng/projects/wasip3-cli-demo/cli/interface/wasi/filesystem/types/top.mbt","start":{"line":1451,"col":22},"end":{"line":1451,"col":28}},"message":"Warning: Unused variable 'handle'","error_code":2}
{"$message_type":"diagnostic","level":"warning","loc":{"path":"/Users/liguosheng/projects/wasip3-cli-demo/cli/interface/wasi/filesystem/types/top.mbt","start":{"line":1594,"col":22},"end":{"line":1594,"col":28}},"message":"Warning: Unused variable 'handle'","error_code":2}
{"$message_type":"diagnostic","level":"warning","loc":{"path":"/Users/liguosheng/projects/wasip3-cli-demo/cli/interface/wasi/filesystem/types/top.mbt","start":{"line":1639,"col":22},"end":{"line":1639,"col":28}},"message":"Warning: Unused variable 'handle'","error_code":2}
{"$message_type":"diagnostic","level":"warning","loc":{"path":"/Users/liguosheng/projects/wasip3-cli-demo/cli/interface/wasi/filesystem/types/top.mbt","start":{"line":1728,"col":22},"end":{"line":1728,"col":28}},"message":"Warning: Unused variable 'handle'","error_code":2}
{"$message_type":"diagnostic","level":"warning","loc":{"path":"/Users/liguosheng/projects/wasip3-cli-demo/cli/interface/wasi/filesystem/types/top.mbt","start":{"line":1730,"col":22},"end":{"line":1730,"col":28}},"message":"Warning: Unused variable 'handle'","error_code":2}
{"$message_type":"diagnostic","level":"warning","loc":{"path":"/Users/liguosheng/projects/wasip3-cli-demo/cli/interface/wasi/filesystem/types/top.mbt","start":{"line":1732,"col":21},"end":{"line":1732,"col":25}},"message":"Warning: Unused variable 'flag'","error_code":2}
{"$message_type":"diagnostic","level":"warning","loc":{"path":"/Users/liguosheng/projects/wasip3-cli-demo/cli/gen/interface/wasi/cli/run/stub.mbt","start":{"line":14,"col":23},"end":{"line":14,"col":24}},"message":"Warning: Unused variable 'n'","error_code":2}
{"$message_type":"diagnostic","level":"warning","loc":{"path":"/Users/liguosheng/projects/wasip3-cli-demo/cli/gen/gen_interface_wasi_cli_run_export.mbt","start":{"line":44,"col":23},"end":{"line":44,"col":24}},"message":"Warning: Unused variable 'n'","error_code":2}
